{
  "RSpec": {
    "coverage": {
      "/code/config/environment.rb": {
        "lines": [
          null,
          null,
          1,
          1,
          1,
          1,
          null,
          null,
          1,
          null,
          null,
          1,
          1,
          1
        ]
      },
      "/code/app/custom_rate_limiter.rb": {
        "lines": [
          null,
          null,
          1,
          null,
          1,
          1,
          24,
          24,
          24,
          24,
          null,
          null,
          null,
          null,
          1,
          24,
          24,
          24,
          null,
          24,
          1,
          null,
          23,
          null,
          null,
          null,
          null
        ]
      },
      "/code/app/routes.rb": {
        "lines": [
          null,
          null,
          1,
          null,
          1,
          1,
          23,
          null,
          23,
          null,
          null,
          1,
          2,
          null,
          null,
          2,
          2,
          2,
          null,
          0,
          null,
          null,
          null,
          1,
          2,
          null,
          2,
          2,
          2,
          1,
          null,
          null,
          2,
          1,
          null,
          null,
          null,
          2,
          null,
          null,
          1,
          2,
          null,
          2,
          2,
          null,
          15,
          12,
          null,
          3,
          null,
          null,
          null,
          2,
          12,
          null,
          null,
          2,
          null,
          null,
          1,
          2,
          null,
          2,
          2,
          2,
          2,
          null,
          14,
          null,
          null,
          null,
          2,
          null,
          null,
          1,
          null,
          0,
          0,
          0,
          0,
          null,
          0,
          0,
          null,
          null,
          null,
          0,
          null,
          null,
          null
        ]
      },
      "/code/app/main_app.rb": {
        "lines": [
          null,
          null,
          1,
          null,
          1,
          1,
          1,
          null,
          1,
          null,
          null
        ]
      },
      "/code/spec/support/custom_helpers.rb": {
        "lines": [
          null,
          null,
          null,
          null,
          1,
          1,
          8,
          16,
          null,
          null,
          null
        ]
      },
      "/code/spec/features/mean_spec.rb": {
        "lines": [
          null,
          null,
          1,
          1,
          2,
          2,
          null,
          null,
          null,
          1,
          1,
          null,
          1,
          1,
          1,
          1,
          null,
          null,
          1,
          1,
          null,
          1,
          1,
          1,
          1,
          1,
          null,
          null
        ]
      },
      "/code/spec/features/median_spec.rb": {
        "lines": [
          null,
          null,
          1,
          1,
          2,
          2,
          null,
          null,
          null,
          1,
          1,
          null,
          1,
          1,
          1,
          1,
          null,
          null,
          1,
          1,
          null,
          1,
          1,
          1,
          1,
          null,
          null
        ]
      },
      "/code/spec/features/mode_spec.rb": {
        "lines": [
          null,
          null,
          1,
          1,
          2,
          2,
          null,
          null,
          null,
          1,
          1,
          null,
          1,
          1,
          1,
          1,
          null,
          null,
          1,
          1,
          null,
          1,
          1,
          1,
          1,
          null,
          null
        ]
      },
      "/code/spec/features/rate_limiting_spec.rb": {
        "lines": [
          null,
          null,
          1,
          1,
          null,
          1,
          1,
          3,
          3,
          null,
          3,
          null,
          null,
          null,
          1,
          1,
          1,
          null,
          1,
          null,
          null,
          1,
          1,
          11,
          null,
          1,
          1,
          null,
          null,
          1,
          1,
          10,
          null,
          1,
          1,
          null,
          1,
          null,
          null
        ]
      },
      "/code/spec/features/standard_deviation_spec.rb": {
        "lines": [
          null,
          null,
          1,
          1,
          2,
          2,
          null,
          null,
          null,
          1,
          1,
          null,
          1,
          1,
          1,
          1,
          null,
          null,
          1,
          1,
          null,
          1,
          1,
          1,
          1,
          null,
          null
        ]
      }
    },
    "timestamp": 1696855096
  }
}
